2018-12-05T13:51:38.963Z - normal: Load ~/.CocosCreator/settings.json
2018-12-05T13:51:38.963Z - normal: checking language setting...
2018-12-05T13:51:38.963Z - normal: Language: zh
2018-12-05T13:51:40.585Z - success: protocol editor-framework registered
2018-12-05T13:51:40.585Z - success: protocol app registered
2018-12-05T13:51:40.585Z - success: protocol theme registered
2018-12-05T13:51:40.585Z - success: protocol packages registered
2018-12-05T13:51:40.585Z - success: protocol unpack registerred
2018-12-05T13:51:40.585Z - success: protocol disable-commonjs registerred
2018-12-05T13:51:40.710Z - normal: connected!
2018-12-05T13:51:40.710Z - normal: Check project D:\code\cocos2d-x\CocosCreator\DzAvgEngine
2018-12-05T13:51:40.710Z - normal: Initializing project D:\code\cocos2d-x\CocosCreator\DzAvgEngine
2018-12-05T13:51:40.726Z - normal: Initializing Cocos2d
2018-12-05T13:51:41.443Z - normal: Initializing Asset Database
2018-12-05T13:51:41.490Z - success: protocol uuid registerred
2018-12-05T13:51:41.490Z - success: protocol db registerred
2018-12-05T13:51:41.490Z - success: protocol thumbnail registerred
2018-12-05T13:51:41.490Z - normal: Loading editor/builtin packages
2018-12-05T13:51:41.630Z - success: assets loaded
2018-12-05T13:51:41.630Z - success: builder loaded
2018-12-05T13:51:41.630Z - success: cocos-analytics loaded
2018-12-05T13:51:41.630Z - success: console loaded
2018-12-05T13:51:41.664Z - success: fb-instant-games loaded
2018-12-05T13:51:41.664Z - success: google-instant-games loaded
2018-12-05T13:51:41.679Z - success: hierarchy loaded
2018-12-05T13:51:41.679Z - success: inspector loaded
2018-12-05T13:51:41.679Z - success: keystore loaded
2018-12-05T13:51:41.679Z - success: node-library loaded
2018-12-05T13:51:41.679Z - success: package-asset loaded
2018-12-05T13:51:41.679Z - success: preferences loaded
2018-12-05T13:51:41.679Z - success: project-exporter loaded
2018-12-05T13:51:41.695Z - success: project-importer loaded
2018-12-05T13:51:41.695Z - success: project-settings loaded
2018-12-05T13:51:41.695Z - success: ui-kit loaded
2018-12-05T13:51:41.710Z - success: scene loaded
2018-12-05T13:51:41.710Z - success: sprite-editor loaded
2018-12-05T13:51:41.710Z - success: store loaded
2018-12-05T13:51:41.710Z - success: timeline loaded
2018-12-05T13:51:41.710Z - normal: Loading builtin packages
2018-12-05T13:51:41.710Z - success: asset-db-debugger loaded
2018-12-05T13:51:41.710Z - success: code-editor loaded
2018-12-05T13:51:41.710Z - success: color-picker loaded
2018-12-05T13:51:41.788Z - success: google-play-instant loaded
2018-12-05T13:51:41.804Z - success: jsb-adapter loaded
2018-12-05T13:51:41.804Z - success: oppo-runtime loaded
2018-12-05T13:51:41.804Z - success: package-manager loaded
2018-12-05T13:51:41.898Z - success: qqplay-adapter loaded
2018-12-05T13:51:41.898Z - success: sdkbox loaded
2018-12-05T13:51:41.898Z - success: tester loaded
2018-12-05T13:51:41.898Z - success: ui-grid loaded
2018-12-05T13:51:41.898Z - success: ui-kit-preview-extra loaded
2018-12-05T13:51:41.898Z - success: ui-kit-preview loaded
2018-12-05T13:51:41.898Z - success: ui-tree loaded
2018-12-05T13:51:41.913Z - success: vivo-runtime loaded
2018-12-05T13:51:41.913Z - success: weapp-adapter loaded
2018-12-05T13:51:42.927Z - normal: Loading packages
2018-12-05T13:51:42.943Z - normal: [LuaCPP Support] version 0.4
2018-12-05T13:51:42.943Z - success: creator-luacpp-support loaded
2018-12-05T13:51:42.943Z - normal: Watching packages
2018-12-05T13:51:43.286Z - normal: Run Application
2018-12-05T13:51:43.928Z - success: preview server running at http://localhost:7456
